Determining if the pthread_create exist failed with the following output:
Change Dir: /home/fenix/Dropbox/uni/Kryptographische Algorithmen/akGit/ak/AngewandteKryptografie/EclipseDebug/CMakeFiles/CMakeTmp

Run Build Command:"/usr/bin/make" "cmTryCompileExec3191650920/fast"
/usr/bin/make -f CMakeFiles/cmTryCompileExec3191650920.dir/build.make CMakeFiles/cmTryCompileExec3191650920.dir/build
make[1]: Entering directory '/home/fenix/Dropbox/uni/Kryptographische Algorithmen/akGit/ak/AngewandteKryptografie/EclipseDebug/CMakeFiles/CMakeTmp'
/usr/bin/cmake -E cmake_progress_report "/home/fenix/Dropbox/uni/Kryptographische Algorithmen/akGit/ak/AngewandteKryptografie/EclipseDebug/CMakeFiles/CMakeTmp/CMakeFiles" 1
Building C object CMakeFiles/cmTryCompileExec3191650920.dir/CheckSymbolExists.c.o
/usr/bin/cc    -o CMakeFiles/cmTryCompileExec3191650920.dir/CheckSymbolExists.c.o   -c "/home/fenix/Dropbox/uni/Kryptographische Algorithmen/akGit/ak/AngewandteKryptografie/EclipseDebug/CMakeFiles/CMakeTmp/CheckSymbolExists.c"
Linking C executable cmTryCompileExec3191650920
/usr/bin/cmake -E cmake_link_script CMakeFiles/cmTryCompileExec3191650920.dir/link.txt --verbose=1
/usr/bin/cc       CMakeFiles/cmTryCompileExec3191650920.dir/CheckSymbolExists.c.o  -o cmTryCompileExec3191650920 -rdynamic 
CMakeFiles/cmTryCompileExec3191650920.dir/CheckSymbolExists.c.o: In function `main':
CheckSymbolExists.c:(.text+0x16): undefined reference to `pthread_create'
collect2: error: ld returned 1 exit status
CMakeFiles/cmTryCompileExec3191650920.dir/build.make:88: recipe for target 'cmTryCompileExec3191650920' failed
make[1]: Leaving directory '/home/fenix/Dropbox/uni/Kryptographische Algorithmen/akGit/ak/AngewandteKryptografie/EclipseDebug/CMakeFiles/CMakeTmp'
Makefile:118: recipe for target 'cmTryCompileExec3191650920/fast' failed
make[1]: *** [cmTryCompileExec3191650920] Error 1
make: *** [cmTryCompileExec3191650920/fast] Error 2

File /home/fenix/Dropbox/uni/Kryptographische Algorithmen/akGit/ak/AngewandteKryptografie/EclipseDebug/CMakeFiles/CMakeTmp/CheckSymbolExists.c:
/* */
#include <pthread.h>

int main(int argc, char** argv)
{
  (void)argv;
#ifndef pthread_create
  return ((int*)(&pthread_create))[argc];
#else
  (void)argc;
  return 0;
#endif
}

Determining if the function pthread_create exists in the pthreads failed with the following output:
Change Dir: /home/fenix/Dropbox/uni/Kryptographische Algorithmen/akGit/ak/AngewandteKryptografie/EclipseDebug/CMakeFiles/CMakeTmp

Run Build Command:"/usr/bin/make" "cmTryCompileExec745059418/fast"
/usr/bin/make -f CMakeFiles/cmTryCompileExec745059418.dir/build.make CMakeFiles/cmTryCompileExec745059418.dir/build
make[1]: Entering directory '/home/fenix/Dropbox/uni/Kryptographische Algorithmen/akGit/ak/AngewandteKryptografie/EclipseDebug/CMakeFiles/CMakeTmp'
/usr/bin/cmake -E cmake_progress_report "/home/fenix/Dropbox/uni/Kryptographische Algorithmen/akGit/ak/AngewandteKryptografie/EclipseDebug/CMakeFiles/CMakeTmp/CMakeFiles" 1
Building C object CMakeFiles/cmTryCompileExec745059418.dir/CheckFunctionExists.c.o
/usr/bin/cc   -DCHECK_FUNCTION_EXISTS=pthread_create   -o CMakeFiles/cmTryCompileExec745059418.dir/CheckFunctionExists.c.o   -c /usr/share/cmake-3.0/Modules/CheckFunctionExists.c
Linking C executable cmTryCompileExec745059418
/usr/bin/cmake -E cmake_link_script CMakeFiles/cmTryCompileExec745059418.dir/link.txt --verbose=1
/usr/bin/cc   -DCHECK_FUNCTION_EXISTS=pthread_create    CMakeFiles/cmTryCompileExec745059418.dir/CheckFunctionExists.c.o  -o cmTryCompileExec745059418 -rdynamic -lpthreads 
/usr/bin/ld: cannot find -lpthreads
collect2: error: ld returned 1 exit status
CMakeFiles/cmTryCompileExec745059418.dir/build.make:88: recipe for target 'cmTryCompileExec745059418' failed
make[1]: Leaving directory '/home/fenix/Dropbox/uni/Kryptographische Algorithmen/akGit/ak/AngewandteKryptografie/EclipseDebug/CMakeFiles/CMakeTmp'
Makefile:118: recipe for target 'cmTryCompileExec745059418/fast' failed
make[1]: *** [cmTryCompileExec745059418] Error 1
make: *** [cmTryCompileExec745059418/fast] Error 2


